<?xml version="1.0" encoding="UTF-8"?>
<!-- Generated by org.testng.reporters.JUnitXMLReporter -->
<testsuite ignored="0" hostname="PiyushVerma" failures="0" tests="3" name="Test" time="10.226" errors="0" timestamp="2020-12-11T11:26:56 IST">
  <testcase classname="midtrans.test.CheckoutFlow4" name="cart_product1" time="0.002"/>
  <testcase classname="midtrans.test.CheckoutFlow4" name="cart_product2" time="0.001"/>
  <testcase classname="midtrans.test.CheckoutFlow4" name="cart_product3" time="0.001"/>
</testsuite> <!-- Test -->
