<?xml version="1.0" encoding="UTF-8"?>
<!-- Generated by org.testng.reporters.JUnitXMLReporter -->
<testsuite ignored="0" hostname="PiyushVerma" failures="0" tests="3" name="Test" time="10.367" errors="0" timestamp="2020-12-10T22:49:41 IST">
  <testcase classname="midtrans.test.CheckoutFlow1" name="sale_product1" time="0.003"/>
  <testcase classname="midtrans.test.CheckoutFlow1" name="sale_product2" time="0.001"/>
  <testcase classname="midtrans.test.CheckoutFlow1" name="sale_product3" time="0.001"/>
</testsuite> <!-- Test -->
