<?xml version="1.0" encoding="UTF-8"?>
<testsuite xmlns:xsi="http://www.w3.org/2001/XMLSchema-instance" xsi:noNamespaceSchemaLocation="https://maven.apache.org/surefire/maven-surefire-plugin/xsd/surefire-test-report-3.0.xsd" version="3.0" name="TestSuite" time="11.561" tests="3" errors="0" skipped="0" failures="0">
  <properties>
[...]
</properties>
  <testcase name="cart_product1" classname="midtrans.test.CheckoutFlow4" time="0.004">
    <system-out><![CDATA[I am Checking Chrome Browser
this is cart_product1
]]></system-out>
    <system-err><![CDATA[log4j:WARN No appenders could be found for logger (midtrans.setup.BaseTest).
log4j:WARN Please initialize the log4j system properly.
log4j:WARN See http://logging.apache.org/log4j/1.2/faq.html#noconfig for more info.
Starting ChromeDriver 87.0.4280.88 (89e2380a3e36c3464b5dd1302349b1382549290d-refs/branch-heads/4280@{#1761}) on port 1238
Only local connections are allowed.
Please see https://chromedriver.chromium.org/security-considerations for suggestions on keeping ChromeDriver safe.
ChromeDriver was started successfully.
Dec 11, 2020 11:26:51 AM org.openqa.selenium.remote.ProtocolHandshake createSession
INFO: Detected dialect: W3C
]]></system-err>
  </testcase>
  <testcase name="cart_product2" classname="midtrans.test.CheckoutFlow4" time="0.001">
    <system-out><![CDATA[this is cart_product2
]]></system-out>
  </testcase>
  <testcase name="cart_product3" classname="midtrans.test.CheckoutFlow4" time="0.003">
    <system-out><![CDATA[this is cart_product3
]]></system-out>
  </testcase>
</testsuite>